# Logfile created on 2020-03-10 10:36:23 +0100 by logger.rb/66358
  INFO ---------------------------------------------------------------------------
  INFO START 2020-03-10 10:36:23 +0100 cap production devpoy
  INFO ---------------------------------------------------------------------------
  INFO ---------------------------------------------------------------------------
  INFO START 2020-03-10 11:04:49 +0100 cap production devpoy
  INFO ---------------------------------------------------------------------------
  INFO ---------------------------------------------------------------------------
  INFO START 2020-03-10 11:05:17 +0100 cap production deploy
  INFO ---------------------------------------------------------------------------
  INFO ---------------------------------------------------------------------------
  INFO START 2020-03-10 11:06:21 +0100 cap production deploy
  INFO ---------------------------------------------------------------------------
  INFO ---------------------------------------------------------------------------
  INFO START 2020-03-10 11:08:54 +0100 cap production deploy
  INFO ---------------------------------------------------------------------------
  INFO ---------------------------------------------------------------------------
  INFO START 2020-03-10 11:16:19 +0100 cap production deploy
  INFO ---------------------------------------------------------------------------
  INFO ---------------------------------------------------------------------------
  INFO START 2020-03-10 11:23:14 +0100 cap production deploy
  INFO ---------------------------------------------------------------------------
  INFO ---------------------------------------------------------------------------
  INFO START 2020-03-10 11:29:32 +0100 cap production deploy
  INFO ---------------------------------------------------------------------------
  INFO [cfc2d05f] Running /usr/bin/env mkdir -p /tmp as cld2_7@cld2-7.mycpnv.ch
 DEBUG [cfc2d05f] Command: /usr/bin/env mkdir -p /tmp
  INFO ---------------------------------------------------------------------------
  INFO START 2020-03-10 11:30:00 +0100 cap production deploy
  INFO ---------------------------------------------------------------------------
  INFO [b25e2b39] Running /usr/bin/env mkdir -p /tmp as cld2_7@cld2-7.mycpnv.ch
 DEBUG [b25e2b39] Command: /usr/bin/env mkdir -p /tmp
  INFO ---------------------------------------------------------------------------
  INFO START 2020-03-10 11:31:44 +0100 cap production deploy
  INFO ---------------------------------------------------------------------------
  INFO [9e8b6f78] Running /usr/bin/env mkdir -p /tmp as cld2_7@cld2-7.mycpnv.ch
 DEBUG [9e8b6f78] Command: /usr/bin/env mkdir -p /tmp
  INFO ---------------------------------------------------------------------------
  INFO START 2020-03-10 11:34:29 +0100 cap production deploy
  INFO ---------------------------------------------------------------------------
  INFO [dc4920e4] Running /usr/bin/env mkdir -p /tmp as cld2_7@cld2-7.mycpnv.ch
 DEBUG [dc4920e4] Command: /usr/bin/env mkdir -p /tmp
  INFO ---------------------------------------------------------------------------
  INFO START 2020-03-10 11:36:07 +0100 cap production deploy
  INFO ---------------------------------------------------------------------------
  INFO [f4e47bbd] Running /usr/bin/env mkdir -p /tmp as cld2_7@cld2-7.mycpnv.ch
 DEBUG [f4e47bbd] Command: /usr/bin/env mkdir -p /tmp
  INFO ---------------------------------------------------------------------------
  INFO START 2020-03-10 11:36:41 +0100 cap production deploy
  INFO ---------------------------------------------------------------------------
  INFO [b3f92455] Running /usr/bin/env mkdir -p /tmp as cld2_7@cld2-7.mycpnv.ch
 DEBUG [b3f92455] Command: /usr/bin/env mkdir -p /tmp
  INFO ---------------------------------------------------------------------------
  INFO START 2020-03-10 11:37:30 +0100 cap production deploy
  INFO ---------------------------------------------------------------------------
  INFO [046745a4] Running /usr/bin/env mkdir -p /tmp as cld2_7@cld2-7.mycpnv.ch
 DEBUG [046745a4] Command: /usr/bin/env mkdir -p /tmp
  INFO ---------------------------------------------------------------------------
  INFO START 2020-03-10 11:38:00 +0100 cap production deploy
  INFO ---------------------------------------------------------------------------
  INFO [dfa98e85] Running /usr/bin/env mkdir -p /tmp as cld2_7@cld2-7.mycpnv.ch
 DEBUG [dfa98e85] Command: /usr/bin/env mkdir -p /tmp
  INFO ---------------------------------------------------------------------------
  INFO START 2020-03-10 11:39:34 +0100 cap production deploy
  INFO ---------------------------------------------------------------------------
  INFO [5bd50129] Running /usr/bin/env mkdir -p /tmp as cld2_7@cld2-7.mycpnv.ch
 DEBUG [5bd50129] Command: /usr/bin/env mkdir -p /tmp
  INFO ---------------------------------------------------------------------------
  INFO START 2020-03-10 11:42:33 +0100 cap production deploy
  INFO ---------------------------------------------------------------------------
  INFO [fc8229be] Running /usr/bin/env mkdir -p /tmp as cld2_7@cld2-7.mycpnv.ch
 DEBUG [fc8229be] Command: /usr/bin/env mkdir -p /tmp
  INFO ---------------------------------------------------------------------------
  INFO START 2020-03-10 11:44:43 +0100 cap production deploy
  INFO ---------------------------------------------------------------------------
  INFO [0e32ac95] Running /usr/bin/env mkdir -p /tmp as cld2_7@cld2-7.mycpnv.ch
 DEBUG [0e32ac95] Command: /usr/bin/env mkdir -p /tmp
  INFO ---------------------------------------------------------------------------
  INFO START 2020-03-10 11:45:08 +0100 cap production deploy
  INFO ---------------------------------------------------------------------------
  INFO [2a6d3e64] Running /usr/bin/env mkdir -p /tmp as cld2_7@cld2-7.mycpnv.ch
 DEBUG [2a6d3e64] Command: /usr/bin/env mkdir -p /tmp
  INFO ---------------------------------------------------------------------------
  INFO START 2020-03-10 11:47:55 +0100 cap production deploy
  INFO ---------------------------------------------------------------------------
  INFO [7548ff07] Running /usr/bin/env mkdir -p /tmp as cld2_7@cld2-7.mycpnv.ch
 DEBUG [7548ff07] Command: /usr/bin/env mkdir -p /tmp
  INFO ---------------------------------------------------------------------------
  INFO START 2020-03-10 11:50:12 +0100 cap production deploy
  INFO ---------------------------------------------------------------------------
  INFO [3d4c897c] Running /usr/bin/env mkdir -p /tmp as cld2_7@cld2-7.mycpnv.ch
 DEBUG [3d4c897c] Command: /usr/bin/env mkdir -p /tmp
  INFO ---------------------------------------------------------------------------
  INFO START 2020-03-10 11:50:55 +0100 cap production production
  INFO ---------------------------------------------------------------------------
  INFO ---------------------------------------------------------------------------
  INFO START 2020-03-10 11:51:26 +0100 cap production deploy
  INFO ---------------------------------------------------------------------------
  INFO [69456caf] Running /usr/bin/env mkdir -p /tmp as cld2_7@cld2-7.mycpnv.ch
 DEBUG [69456caf] Command: /usr/bin/env mkdir -p /tmp
